0 info it worked if it ends with ok
1 verbose cli [ 'node', '/usr/local/bin/npm', 'run', 'test-run' ]
2 info using npm@3.5.2
3 info using node@v0.12.7
4 verbose run-script [ 'pretest-run', 'test-run', 'posttest-run' ]
5 info lifecycle btc-payments@1.1.2~pretest-run: btc-payments@1.1.2
6 silly lifecycle btc-payments@1.1.2~pretest-run: no script for pretest-run, continuing
7 info lifecycle btc-payments@1.1.2~test-run: btc-payments@1.1.2
8 verbose lifecycle btc-payments@1.1.2~test-run: unsafe-perm in lifecycle true
9 verbose lifecycle btc-payments@1.1.2~test-run: PATH: /usr/local/lib/node_modules/npm/bin/node-gyp-bin:/home/blackjak/Escritorio/btc-payments/node_modules/.bin:/usr/local/heroku/bin:/home/blackjak/bin:/usr/local/sbin:/usr/local/bin:/usr/sbin:/usr/bin:/sbin:/bin:/usr/games:/usr/local/games
10 verbose lifecycle btc-payments@1.1.2~test-run: CWD: /home/blackjak/Escritorio/btc-payments
11 silly lifecycle btc-payments@1.1.2~test-run: Args: [ '-c', 'mocha test/run -u tdd --timeout 0' ]
12 silly lifecycle btc-payments@1.1.2~test-run: Returned: code: 1  signal: null
13 info lifecycle btc-payments@1.1.2~test-run: Failed to exec test-run script
14 verbose stack Error: btc-payments@1.1.2 test-run: `mocha test/run -u tdd --timeout 0`
14 verbose stack Exit status 1
14 verbose stack     at EventEmitter.<anonymous> (/usr/local/lib/node_modules/npm/lib/utils/lifecycle.js:232:16)
14 verbose stack     at EventEmitter.emit (events.js:110:17)
14 verbose stack     at ChildProcess.<anonymous> (/usr/local/lib/node_modules/npm/lib/utils/spawn.js:24:14)
14 verbose stack     at ChildProcess.emit (events.js:110:17)
14 verbose stack     at maybeClose (child_process.js:1015:16)
14 verbose stack     at Process.ChildProcess._handle.onexit (child_process.js:1087:5)
15 verbose pkgid btc-payments@1.1.2
16 verbose cwd /home/blackjak/Escritorio/btc-payments
17 error Linux 3.16.0-38-generic
18 error argv "node" "/usr/local/bin/npm" "run" "test-run"
19 error node v0.12.7
20 error npm  v3.5.2
21 error code ELIFECYCLE
22 error btc-payments@1.1.2 test-run: `mocha test/run -u tdd --timeout 0`
22 error Exit status 1
23 error Failed at the btc-payments@1.1.2 test-run script 'mocha test/run -u tdd --timeout 0'.
23 error Make sure you have the latest version of node.js and npm installed.
23 error If you do, this is most likely a problem with the btc-payments package,
23 error not with npm itself.
23 error Tell the author that this fails on your system:
23 error     mocha test/run -u tdd --timeout 0
23 error You can get information on how to open an issue for this project with:
23 error     npm bugs btc-payments
23 error Or if that isn't available, you can get their info via:
23 error     npm owner ls btc-payments
23 error There is likely additional logging output above.
24 verbose exit [ 1, true ]
